<?xml version="1.0" encoding="UTF-8"?>
<testng-results skipped="0" failed="1" ignored="0" total="2" passed="1">
  <reporter-output>
  </reporter-output>
  <suite name="Default suite" duration-ms="248" started-at="2021-05-30T11:07:44 EDT" finished-at="2021-05-30T11:07:44 EDT">
    <groups>
    </groups>
    <test name="Default test" duration-ms="248" started-at="2021-05-30T11:07:44 EDT" finished-at="2021-05-30T11:07:44 EDT">
      <class name="com.testometer.pvrCinemasMain.PVRCinemasHomeTest">
        <test-method status="PASS" signature="beorMethod()[pri:0, instance:com.testometer.pvrCinemasMain.PVRCinemasHomeTest@2f943d71]" name="beorMethod" is-config="true" duration-ms="10" started-at="2021-05-30T11:07:44 EDT" finished-at="2021-05-30T11:07:44 EDT">
          <reporter-output>
          </reporter-output>
        </test-method> <!-- beorMethod -->
        <test-method status="PASS" signature="addingNumbersTest()[pri:0, instance:com.testometer.pvrCinemasMain.PVRCinemasHomeTest@2f943d71]" name="addingNumbersTest" duration-ms="89" started-at="2021-05-30T11:07:44 EDT" finished-at="2021-05-30T11:07:44 EDT">
          <reporter-output>
          </reporter-output>
        </test-method> <!-- addingNumbersTest -->
        <test-method status="PASS" signature="afterMethod()[pri:0, instance:com.testometer.pvrCinemasMain.PVRCinemasHomeTest@2f943d71]" name="afterMethod" is-config="true" duration-ms="17" started-at="2021-05-30T11:07:44 EDT" finished-at="2021-05-30T11:07:44 EDT">
          <reporter-output>
          </reporter-output>
        </test-method> <!-- afterMethod -->
        <test-method status="PASS" signature="beorMethod()[pri:0, instance:com.testometer.pvrCinemasMain.PVRCinemasHomeTest@2f943d71]" name="beorMethod" is-config="true" duration-ms="2" started-at="2021-05-30T11:07:44 EDT" finished-at="2021-05-30T11:07:44 EDT">
          <reporter-output>
          </reporter-output>
        </test-method> <!-- beorMethod -->
        <test-method status="FAIL" signature="addingNumbersTest2()[pri:0, instance:com.testometer.pvrCinemasMain.PVRCinemasHomeTest@2f943d71]" name="addingNumbersTest2" duration-ms="13" started-at="2021-05-30T11:07:44 EDT" finished-at="2021-05-30T11:07:44 EDT">
          <exception class="java.lang.AssertionError">
            <message>
              <![CDATA[expected:<35> but was:<25>]]>
            </message>
            <full-stacktrace>
              <![CDATA[java.lang.AssertionError: expected:<35> but was:<25>
at org.junit.Assert.fail(Assert.java:89)
at org.junit.Assert.failNotEquals(Assert.java:835)
at org.junit.Assert.assertEquals(Assert.java:647)
at org.junit.Assert.assertEquals(Assert.java:633)
at com.testometer.pvrCinemasMain.PVRCinemasHomeTest.addingNumbersTest2(PVRCinemasHomeTest.java:81)
at sun.reflect.NativeMethodAccessorImpl.invoke0(Native Method)
at sun.reflect.NativeMethodAccessorImpl.invoke(NativeMethodAccessorImpl.java:62)
at sun.reflect.DelegatingMethodAccessorImpl.invoke(DelegatingMethodAccessorImpl.java:43)
at java.lang.reflect.Method.invoke(Method.java:498)
at org.testng.internal.MethodInvocationHelper.invokeMethod(MethodInvocationHelper.java:133)
at org.testng.internal.TestInvoker.invokeMethod(TestInvoker.java:598)
at org.testng.internal.TestInvoker.invokeTestMethod(TestInvoker.java:173)
at org.testng.internal.MethodRunner.runInSequence(MethodRunner.java:46)
at org.testng.internal.TestInvoker$MethodInvocationAgent.invoke(TestInvoker.java:824)
at org.testng.internal.TestInvoker.invokeTestMethods(TestInvoker.java:146)
at org.testng.internal.TestMethodWorker.invokeTestMethods(TestMethodWorker.java:146)
at org.testng.internal.TestMethodWorker.run(TestMethodWorker.java:128)
at java.util.ArrayList.forEach(ArrayList.java:1259)
at org.testng.TestRunner.privateRun(TestRunner.java:794)
at org.testng.TestRunner.run(TestRunner.java:596)
at org.testng.SuiteRunner.runTest(SuiteRunner.java:377)
at org.testng.SuiteRunner.runSequentially(SuiteRunner.java:371)
at org.testng.SuiteRunner.privateRun(SuiteRunner.java:332)
at org.testng.SuiteRunner.run(SuiteRunner.java:276)
at org.testng.SuiteRunnerWorker.runSuite(SuiteRunnerWorker.java:53)
at org.testng.SuiteRunnerWorker.run(SuiteRunnerWorker.java:96)
at org.testng.TestNG.runSuitesSequentially(TestNG.java:1212)
at org.testng.TestNG.runSuitesLocally(TestNG.java:1134)
at org.testng.TestNG.runSuites(TestNG.java:1063)
at org.testng.TestNG.run(TestNG.java:1031)
at org.testng.remote.AbstractRemoteTestNG.run(AbstractRemoteTestNG.java:115)
at org.testng.remote.RemoteTestNG.initAndRun(RemoteTestNG.java:251)
at org.testng.remote.RemoteTestNG.main(RemoteTestNG.java:77)
]]>
            </full-stacktrace>
          </exception> <!-- java.lang.AssertionError -->
          <reporter-output>
          </reporter-output>
        </test-method> <!-- addingNumbersTest2 -->
        <test-method status="PASS" signature="afterMethod()[pri:0, instance:com.testometer.pvrCinemasMain.PVRCinemasHomeTest@2f943d71]" name="afterMethod" is-config="true" duration-ms="2" started-at="2021-05-30T11:07:44 EDT" finished-at="2021-05-30T11:07:44 EDT">
          <reporter-output>
          </reporter-output>
        </test-method> <!-- afterMethod -->
      </class> <!-- com.testometer.pvrCinemasMain.PVRCinemasHomeTest -->
    </test> <!-- Default test -->
  </suite> <!-- Default suite -->
</testng-results>
